[error] Failed to fetch Firebase Project from Studio Workspace because WORKSPACE_SLUG environment variable is empty
[error] Failed to fetch Firebase Project from Studio Workspace because WORKSPACE_SLUG environment variable is empty
[error] Failed to fetch Firebase Project from Studio Workspace because WORKSPACE_SLUG environment variable is empty
[error] Failed to fetch Firebase Project from Studio Workspace because WORKSPACE_SLUG environment variable is empty
[debug] [2025-12-09T20:37:03.235Z] > command requires scopes: ["email","openid","https://www.googleapis.com/auth/cloudplatformprojects.readonly","https://www.googleapis.com/auth/firebase","https://www.googleapis.com/auth/cloud-platform","https://www.googleapis.com/auth/userinfo.email"]
[debug] [2025-12-09T20:37:03.242Z] > command requires scopes: ["email","openid","https://www.googleapis.com/auth/cloudplatformprojects.readonly","https://www.googleapis.com/auth/firebase","https://www.googleapis.com/auth/cloud-platform","https://www.googleapis.com/auth/userinfo.email"]
[error] Failed to fetch Firebase Project from Studio Workspace because WORKSPACE_SLUG environment variable is empty
[error] Failed to fetch Firebase Project from Studio Workspace because WORKSPACE_SLUG environment variable is empty
[error] Failed to fetch Firebase Project from Studio Workspace because WORKSPACE_SLUG environment variable is empty
[error] Failed to fetch Firebase Project from Studio Workspace because WORKSPACE_SLUG environment variable is empty
[debug] [2025-12-09T20:38:01.903Z] > command requires scopes: ["email","openid","https://www.googleapis.com/auth/cloudplatformprojects.readonly","https://www.googleapis.com/auth/firebase","https://www.googleapis.com/auth/cloud-platform","https://www.googleapis.com/auth/userinfo.email"]
[debug] [2025-12-09T20:38:01.903Z] > command requires scopes: ["email","openid","https://www.googleapis.com/auth/cloudplatformprojects.readonly","https://www.googleapis.com/auth/firebase","https://www.googleapis.com/auth/cloud-platform","https://www.googleapis.com/auth/userinfo.email"]
[debug] [2025-12-09T20:39:05.471Z] No OAuth tokens found
[debug] [2025-12-09T20:39:05.474Z] No OAuth tokens found
[debug] [2025-12-09T20:39:05.475Z] > command requires scopes: ["email","openid","https://www.googleapis.com/auth/cloudplatformprojects.readonly","https://www.googleapis.com/auth/firebase","https://www.googleapis.com/auth/cloud-platform","https://www.googleapis.com/auth/userinfo.email"]
[debug] [2025-12-09T20:39:05.476Z] No OAuth tokens found
[debug] [2025-12-09T20:39:05.476Z] No OAuth tokens found
[debug] [2025-12-09T20:39:05.477Z] > command requires scopes: ["email","openid","https://www.googleapis.com/auth/cloudplatformprojects.readonly","https://www.googleapis.com/auth/firebase","https://www.googleapis.com/auth/cloud-platform","https://www.googleapis.com/auth/userinfo.email"]
[debug] [2025-12-09T20:39:05.482Z] No OAuth tokens found
[debug] [2025-12-09T20:39:05.483Z] No OAuth tokens found
[debug] [2025-12-09T20:39:05.483Z] > command requires scopes: ["email","openid","https://www.googleapis.com/auth/cloudplatformprojects.readonly","https://www.googleapis.com/auth/firebase","https://www.googleapis.com/auth/cloud-platform","https://www.googleapis.com/auth/userinfo.email"]
[debug] [2025-12-09T20:39:05.501Z] No OAuth tokens found
[debug] [2025-12-09T20:39:05.501Z] No OAuth tokens found
[debug] [2025-12-09T20:39:05.502Z] > command requires scopes: ["email","openid","https://www.googleapis.com/auth/cloudplatformprojects.readonly","https://www.googleapis.com/auth/firebase","https://www.googleapis.com/auth/cloud-platform","https://www.googleapis.com/auth/userinfo.email"]
[debug] [2025-12-09T20:39:05.502Z] No OAuth tokens found
[debug] [2025-12-09T20:39:05.502Z] No OAuth tokens found
[debug] [2025-12-09T20:39:05.503Z] > command requires scopes: ["email","openid","https://www.googleapis.com/auth/cloudplatformprojects.readonly","https://www.googleapis.com/auth/firebase","https://www.googleapis.com/auth/cloud-platform","https://www.googleapis.com/auth/userinfo.email"]
[debug] [2025-12-09T20:39:05.504Z] No OAuth tokens found
[debug] [2025-12-09T20:39:05.504Z] No OAuth tokens found
[debug] [2025-12-09T20:39:05.504Z] > command requires scopes: ["email","openid","https://www.googleapis.com/auth/cloudplatformprojects.readonly","https://www.googleapis.com/auth/firebase","https://www.googleapis.com/auth/cloud-platform","https://www.googleapis.com/auth/userinfo.email"]
[debug] [2025-12-09T20:39:05.507Z] No OAuth tokens found
[debug] [2025-12-09T20:39:05.508Z] No OAuth tokens found
[debug] [2025-12-09T20:39:05.508Z] > command requires scopes: ["email","openid","https://www.googleapis.com/auth/cloudplatformprojects.readonly","https://www.googleapis.com/auth/firebase","https://www.googleapis.com/auth/cloud-platform","https://www.googleapis.com/auth/userinfo.email"]
[debug] [2025-12-09T20:39:05.509Z] No OAuth tokens found
[debug] [2025-12-09T20:39:05.509Z] No OAuth tokens found
[debug] [2025-12-09T20:39:05.509Z] > command requires scopes: ["email","openid","https://www.googleapis.com/auth/cloudplatformprojects.readonly","https://www.googleapis.com/auth/firebase","https://www.googleapis.com/auth/cloud-platform","https://www.googleapis.com/auth/userinfo.email"]
[debug] [2025-12-09T20:39:05.513Z] No OAuth tokens found
[debug] [2025-12-09T20:39:05.513Z] No OAuth tokens found
[debug] [2025-12-09T20:39:05.513Z] > command requires scopes: ["email","openid","https://www.googleapis.com/auth/cloudplatformprojects.readonly","https://www.googleapis.com/auth/firebase","https://www.googleapis.com/auth/cloud-platform","https://www.googleapis.com/auth/userinfo.email"]
[debug] [2025-12-09T20:39:05.514Z] No OAuth tokens found
[debug] [2025-12-09T20:39:05.514Z] No OAuth tokens found
[debug] [2025-12-09T20:39:05.514Z] > command requires scopes: ["email","openid","https://www.googleapis.com/auth/cloudplatformprojects.readonly","https://www.googleapis.com/auth/firebase","https://www.googleapis.com/auth/cloud-platform","https://www.googleapis.com/auth/userinfo.email"]
[debug] [2025-12-09T20:39:05.515Z] No OAuth tokens found
[debug] [2025-12-09T20:39:05.515Z] No OAuth tokens found
[debug] [2025-12-09T20:39:05.515Z] > command requires scopes: ["email","openid","https://www.googleapis.com/auth/cloudplatformprojects.readonly","https://www.googleapis.com/auth/firebase","https://www.googleapis.com/auth/cloud-platform","https://www.googleapis.com/auth/userinfo.email"]
[debug] [2025-12-09T20:39:05.516Z] No OAuth tokens found
[debug] [2025-12-09T20:39:05.516Z] No OAuth tokens found
[debug] [2025-12-09T20:39:05.516Z] > command requires scopes: ["email","openid","https://www.googleapis.com/auth/cloudplatformprojects.readonly","https://www.googleapis.com/auth/firebase","https://www.googleapis.com/auth/cloud-platform","https://www.googleapis.com/auth/userinfo.email"]
[debug] [2025-12-09T20:39:05.517Z] No OAuth tokens found
[debug] [2025-12-09T20:39:05.517Z] No OAuth tokens found
[debug] [2025-12-09T20:39:05.517Z] > command requires scopes: ["email","openid","https://www.googleapis.com/auth/cloudplatformprojects.readonly","https://www.googleapis.com/auth/firebase","https://www.googleapis.com/auth/cloud-platform","https://www.googleapis.com/auth/userinfo.email"]
[debug] [2025-12-09T20:39:05.524Z] No OAuth tokens found
[debug] [2025-12-09T20:39:05.524Z] No OAuth tokens found
[debug] [2025-12-09T20:39:05.525Z] > command requires scopes: ["email","openid","https://www.googleapis.com/auth/cloudplatformprojects.readonly","https://www.googleapis.com/auth/firebase","https://www.googleapis.com/auth/cloud-platform","https://www.googleapis.com/auth/userinfo.email"]
[debug] [2025-12-09T20:39:05.525Z] No OAuth tokens found
[debug] [2025-12-09T20:39:05.525Z] No OAuth tokens found
[debug] [2025-12-09T20:39:05.526Z] > command requires scopes: ["email","openid","https://www.googleapis.com/auth/cloudplatformprojects.readonly","https://www.googleapis.com/auth/firebase","https://www.googleapis.com/auth/cloud-platform","https://www.googleapis.com/auth/userinfo.email"]
[debug] [2025-12-09T20:39:05.527Z] No OAuth tokens found
[debug] [2025-12-09T20:39:05.527Z] No OAuth tokens found
[debug] [2025-12-09T20:39:05.527Z] > command requires scopes: ["email","openid","https://www.googleapis.com/auth/cloudplatformprojects.readonly","https://www.googleapis.com/auth/firebase","https://www.googleapis.com/auth/cloud-platform","https://www.googleapis.com/auth/userinfo.email"]
[debug] [2025-12-09T20:39:05.527Z] No OAuth tokens found
[debug] [2025-12-09T20:39:05.528Z] No OAuth tokens found
[debug] [2025-12-09T20:39:05.528Z] > command requires scopes: ["email","openid","https://www.googleapis.com/auth/cloudplatformprojects.readonly","https://www.googleapis.com/auth/firebase","https://www.googleapis.com/auth/cloud-platform","https://www.googleapis.com/auth/userinfo.email"]
[debug] [2025-12-09T20:39:05.528Z] No OAuth tokens found
[debug] [2025-12-09T20:39:05.528Z] No OAuth tokens found
[debug] [2025-12-09T20:39:05.528Z] > command requires scopes: ["email","openid","https://www.googleapis.com/auth/cloudplatformprojects.readonly","https://www.googleapis.com/auth/firebase","https://www.googleapis.com/auth/cloud-platform","https://www.googleapis.com/auth/userinfo.email"]
[debug] [2025-12-09T20:39:05.531Z] No OAuth tokens found
[debug] [2025-12-09T20:39:05.532Z] No OAuth tokens found
[debug] [2025-12-09T20:39:05.532Z] > command requires scopes: ["email","openid","https://www.googleapis.com/auth/cloudplatformprojects.readonly","https://www.googleapis.com/auth/firebase","https://www.googleapis.com/auth/cloud-platform","https://www.googleapis.com/auth/userinfo.email"]
[debug] [2025-12-09T20:39:05.532Z] No OAuth tokens found
[debug] [2025-12-09T20:39:05.532Z] No OAuth tokens found
[debug] [2025-12-09T20:39:05.532Z] > command requires scopes: ["email","openid","https://www.googleapis.com/auth/cloudplatformprojects.readonly","https://www.googleapis.com/auth/firebase","https://www.googleapis.com/auth/cloud-platform","https://www.googleapis.com/auth/userinfo.email"]
[error] Failed to fetch Firebase Project from Studio Workspace because WORKSPACE_SLUG environment variable is empty
[error] Failed to fetch Firebase Project from Studio Workspace because WORKSPACE_SLUG environment variable is empty
[error] Failed to fetch Firebase Project from Studio Workspace because WORKSPACE_SLUG environment variable is empty
[debug] [2025-12-09T20:39:08.507Z] > command requires scopes: ["email","openid","https://www.googleapis.com/auth/cloudplatformprojects.readonly","https://www.googleapis.com/auth/firebase","https://www.googleapis.com/auth/cloud-platform","https://www.googleapis.com/auth/userinfo.email"]
[error] Failed to fetch Firebase Project from Studio Workspace because WORKSPACE_SLUG environment variable is empty
[error] Failed to fetch Firebase Project from Studio Workspace because WORKSPACE_SLUG environment variable is empty
[error] Failed to fetch Firebase Project from Studio Workspace because WORKSPACE_SLUG environment variable is empty
[debug] [2025-12-09T20:39:08.534Z] > command requires scopes: ["email","openid","https://www.googleapis.com/auth/cloudplatformprojects.readonly","https://www.googleapis.com/auth/firebase","https://www.googleapis.com/auth/cloud-platform","https://www.googleapis.com/auth/userinfo.email"]
[error] Failed to fetch Firebase Project from Studio Workspace because WORKSPACE_SLUG environment variable is empty
[error] Failed to fetch Firebase Project from Studio Workspace because WORKSPACE_SLUG environment variable is empty
[error] Failed to fetch Firebase Project from Studio Workspace because WORKSPACE_SLUG environment variable is empty
[debug] [2025-12-09T20:39:08.545Z] > command requires scopes: ["email","openid","https://www.googleapis.com/auth/cloudplatformprojects.readonly","https://www.googleapis.com/auth/firebase","https://www.googleapis.com/auth/cloud-platform","https://www.googleapis.com/auth/userinfo.email"]
[debug] [2025-12-09T20:39:42.153Z] Running auto auth
[debug] [2025-12-09T20:39:42.154Z] Running auto auth
[debug] [2025-12-09T20:39:42.155Z] Running auto auth
[debug] [2025-12-09T20:39:42.155Z] Running auto auth
[debug] [2025-12-09T20:39:42.155Z] Running auto auth
[debug] [2025-12-09T20:39:42.155Z] Running auto auth
[debug] [2025-12-09T20:39:42.156Z] Running auto auth
[debug] [2025-12-09T20:39:42.156Z] Running auto auth
[debug] [2025-12-09T20:39:42.156Z] Running auto auth
[debug] [2025-12-09T20:39:42.156Z] Running auto auth
[debug] [2025-12-09T20:39:42.156Z] Running auto auth
[debug] [2025-12-09T20:39:42.156Z] Running auto auth
[debug] [2025-12-09T20:39:42.156Z] Running auto auth
[debug] [2025-12-09T20:39:42.157Z] Running auto auth
[debug] [2025-12-09T20:39:42.163Z] Running auto auth
[debug] [2025-12-09T20:39:42.165Z] Running auto auth
[debug] [2025-12-09T20:39:42.167Z] Running auto auth
[debug] [2025-12-09T20:39:42.167Z] Running auto auth
[debug] [2025-12-09T20:39:42.168Z] Running auto auth
[debug] [2025-12-09T20:39:42.169Z] Running auto auth
[debug] [2025-12-09T20:39:42.172Z] Running auto auth
[debug] [2025-12-09T20:39:42.172Z] Running auto auth
[debug] [2025-12-09T20:39:42.176Z] Running auto auth
[debug] [2025-12-09T20:39:42.402Z] >>> [apiv2][query] GET https://serviceusage.googleapis.com/v1/projects/nextlevel-work-41273848-98e6b/services/firestore.googleapis.com [none]
[debug] [2025-12-09T20:39:42.402Z] >>> [apiv2][(partial)header] GET https://serviceusage.googleapis.com/v1/projects/nextlevel-work-41273848-98e6b/services/firestore.googleapis.com x-goog-quota-user=projects/nextlevel-work-41273848-98e6b
[debug] [2025-12-09T20:39:42.685Z] >>> [apiv2][query] GET https://serviceusage.googleapis.com/v1/projects/nextlevel-work-41273848-98e6b/services/firebasedataconnect.googleapis.com [none]
[debug] [2025-12-09T20:39:42.686Z] >>> [apiv2][(partial)header] GET https://serviceusage.googleapis.com/v1/projects/nextlevel-work-41273848-98e6b/services/firebasedataconnect.googleapis.com x-goog-quota-user=projects/nextlevel-work-41273848-98e6b
[debug] [2025-12-09T20:39:42.747Z] >>> [apiv2][query] GET https://serviceusage.googleapis.com/v1/projects/nextlevel-work-41273848-98e6b/services/cloudfunctions.googleapis.com [none]
[debug] [2025-12-09T20:39:42.747Z] >>> [apiv2][(partial)header] GET https://serviceusage.googleapis.com/v1/projects/nextlevel-work-41273848-98e6b/services/cloudfunctions.googleapis.com x-goog-quota-user=projects/nextlevel-work-41273848-98e6b
[debug] [2025-12-09T20:39:42.780Z] >>> [apiv2][query] GET https://serviceusage.googleapis.com/v1/projects/nextlevel-work-41273848-98e6b/services/firebaseapphosting.googleapis.com [none]
[debug] [2025-12-09T20:39:42.781Z] >>> [apiv2][(partial)header] GET https://serviceusage.googleapis.com/v1/projects/nextlevel-work-41273848-98e6b/services/firebaseapphosting.googleapis.com x-goog-quota-user=projects/nextlevel-work-41273848-98e6b
[debug] [2025-12-09T20:39:42.814Z] >>> [apiv2][query] GET https://serviceusage.googleapis.com/v1/projects/nextlevel-work-41273848-98e6b/services/firebaseio.com [none]
[debug] [2025-12-09T20:39:42.816Z] >>> [apiv2][(partial)header] GET https://serviceusage.googleapis.com/v1/projects/nextlevel-work-41273848-98e6b/services/firebaseio.com x-goog-quota-user=projects/nextlevel-work-41273848-98e6b
[debug] [2025-12-09T20:39:42.844Z] >>> [apiv2][query] GET https://serviceusage.googleapis.com/v1/projects/nextlevel-work-41273848-98e6b/services/firestore.googleapis.com [none]
[debug] [2025-12-09T20:39:42.845Z] >>> [apiv2][(partial)header] GET https://serviceusage.googleapis.com/v1/projects/nextlevel-work-41273848-98e6b/services/firestore.googleapis.com x-goog-quota-user=projects/nextlevel-work-41273848-98e6b
[debug] [2025-12-09T20:39:42.879Z] >>> [apiv2][query] GET https://serviceusage.googleapis.com/v1/projects/nextlevel-work-41273848-98e6b/services/firebasedataconnect.googleapis.com [none]
[debug] [2025-12-09T20:39:42.880Z] >>> [apiv2][(partial)header] GET https://serviceusage.googleapis.com/v1/projects/nextlevel-work-41273848-98e6b/services/firebasedataconnect.googleapis.com x-goog-quota-user=projects/nextlevel-work-41273848-98e6b
[debug] [2025-12-09T20:39:42.932Z] >>> [apiv2][query] GET https://serviceusage.googleapis.com/v1/projects/nextlevel-work-41273848-98e6b/services/cloudfunctions.googleapis.com [none]
[debug] [2025-12-09T20:39:42.933Z] >>> [apiv2][(partial)header] GET https://serviceusage.googleapis.com/v1/projects/nextlevel-work-41273848-98e6b/services/cloudfunctions.googleapis.com x-goog-quota-user=projects/nextlevel-work-41273848-98e6b
[debug] [2025-12-09T20:39:42.966Z] >>> [apiv2][query] GET https://serviceusage.googleapis.com/v1/projects/nextlevel-work-41273848-98e6b/services/firebaseapphosting.googleapis.com [none]
[debug] [2025-12-09T20:39:42.967Z] >>> [apiv2][(partial)header] GET https://serviceusage.googleapis.com/v1/projects/nextlevel-work-41273848-98e6b/services/firebaseapphosting.googleapis.com x-goog-quota-user=projects/nextlevel-work-41273848-98e6b
[debug] [2025-12-09T20:39:43.001Z] >>> [apiv2][query] GET https://serviceusage.googleapis.com/v1/projects/nextlevel-work-41273848-98e6b/services/firebaseio.com [none]
[debug] [2025-12-09T20:39:43.003Z] >>> [apiv2][(partial)header] GET https://serviceusage.googleapis.com/v1/projects/nextlevel-work-41273848-98e6b/services/firebaseio.com x-goog-quota-user=projects/nextlevel-work-41273848-98e6b
[debug] [2025-12-09T20:39:43.052Z] >>> [apiv2][query] GET https://serviceusage.googleapis.com/v1/projects/nextlevel-work-41273848-98e6b/services/firestore.googleapis.com [none]
[debug] [2025-12-09T20:39:43.052Z] >>> [apiv2][(partial)header] GET https://serviceusage.googleapis.com/v1/projects/nextlevel-work-41273848-98e6b/services/firestore.googleapis.com x-goog-quota-user=projects/nextlevel-work-41273848-98e6b
[debug] [2025-12-09T20:39:43.116Z] >>> [apiv2][query] GET https://serviceusage.googleapis.com/v1/projects/nextlevel-work-41273848-98e6b/services/firebasedataconnect.googleapis.com [none]
[debug] [2025-12-09T20:39:43.116Z] >>> [apiv2][(partial)header] GET https://serviceusage.googleapis.com/v1/projects/nextlevel-work-41273848-98e6b/services/firebasedataconnect.googleapis.com x-goog-quota-user=projects/nextlevel-work-41273848-98e6b
[debug] [2025-12-09T20:39:43.180Z] >>> [apiv2][query] GET https://serviceusage.googleapis.com/v1/projects/nextlevel-work-41273848-98e6b/services/cloudfunctions.googleapis.com [none]
[debug] [2025-12-09T20:39:43.181Z] >>> [apiv2][(partial)header] GET https://serviceusage.googleapis.com/v1/projects/nextlevel-work-41273848-98e6b/services/cloudfunctions.googleapis.com x-goog-quota-user=projects/nextlevel-work-41273848-98e6b
[debug] [2025-12-09T20:39:43.243Z] >>> [apiv2][query] GET https://serviceusage.googleapis.com/v1/projects/nextlevel-work-41273848-98e6b/services/firebaseapphosting.googleapis.com [none]
[debug] [2025-12-09T20:39:43.243Z] >>> [apiv2][(partial)header] GET https://serviceusage.googleapis.com/v1/projects/nextlevel-work-41273848-98e6b/services/firebaseapphosting.googleapis.com x-goog-quota-user=projects/nextlevel-work-41273848-98e6b
[debug] [2025-12-09T20:39:43.301Z] >>> [apiv2][query] GET https://serviceusage.googleapis.com/v1/projects/nextlevel-work-41273848-98e6b/services/firebaseio.com [none]
[debug] [2025-12-09T20:39:43.301Z] >>> [apiv2][(partial)header] GET https://serviceusage.googleapis.com/v1/projects/nextlevel-work-41273848-98e6b/services/firebaseio.com x-goog-quota-user=projects/nextlevel-work-41273848-98e6b
[debug] [2025-12-09T20:39:43.351Z] >>> [apiv2][query] GET https://serviceusage.googleapis.com/v1/projects/nextlevel-work-41273848-98e6b/services/firestore.googleapis.com [none]
[debug] [2025-12-09T20:39:43.351Z] >>> [apiv2][(partial)header] GET https://serviceusage.googleapis.com/v1/projects/nextlevel-work-41273848-98e6b/services/firestore.googleapis.com x-goog-quota-user=projects/nextlevel-work-41273848-98e6b
[debug] [2025-12-09T20:39:43.409Z] >>> [apiv2][query] GET https://serviceusage.googleapis.com/v1/projects/nextlevel-work-41273848-98e6b/services/firebasedataconnect.googleapis.com [none]
[debug] [2025-12-09T20:39:43.409Z] >>> [apiv2][(partial)header] GET https://serviceusage.googleapis.com/v1/projects/nextlevel-work-41273848-98e6b/services/firebasedataconnect.googleapis.com x-goog-quota-user=projects/nextlevel-work-41273848-98e6b
[debug] [2025-12-09T20:39:43.468Z] >>> [apiv2][query] GET https://serviceusage.googleapis.com/v1/projects/nextlevel-work-41273848-98e6b/services/cloudfunctions.googleapis.com [none]
[debug] [2025-12-09T20:39:43.468Z] >>> [apiv2][(partial)header] GET https://serviceusage.googleapis.com/v1/projects/nextlevel-work-41273848-98e6b/services/cloudfunctions.googleapis.com x-goog-quota-user=projects/nextlevel-work-41273848-98e6b
[debug] [2025-12-09T20:39:43.496Z] >>> [apiv2][query] GET https://serviceusage.googleapis.com/v1/projects/nextlevel-work-41273848-98e6b/services/firebaseapphosting.googleapis.com [none]
[debug] [2025-12-09T20:39:43.497Z] >>> [apiv2][(partial)header] GET https://serviceusage.googleapis.com/v1/projects/nextlevel-work-41273848-98e6b/services/firebaseapphosting.googleapis.com x-goog-quota-user=projects/nextlevel-work-41273848-98e6b
[debug] [2025-12-09T20:39:43.538Z] >>> [apiv2][query] GET https://serviceusage.googleapis.com/v1/projects/nextlevel-work-41273848-98e6b/services/firebaseio.com [none]
[debug] [2025-12-09T20:39:43.539Z] >>> [apiv2][(partial)header] GET https://serviceusage.googleapis.com/v1/projects/nextlevel-work-41273848-98e6b/services/firebaseio.com x-goog-quota-user=projects/nextlevel-work-41273848-98e6b
[error] Failed to fetch Firebase Project from Studio Workspace because WORKSPACE_SLUG environment variable is empty
[debug] [2025-12-09T20:39:43.581Z] > command requires scopes: ["email","openid","https://www.googleapis.com/auth/cloudplatformprojects.readonly","https://www.googleapis.com/auth/firebase","https://www.googleapis.com/auth/cloud-platform","https://www.googleapis.com/auth/userinfo.email"]
[debug] [2025-12-09T20:39:43.581Z] > authorizing via signed-in user (gabreil666@gmail.com)
[error] Failed to fetch Firebase Project from Studio Workspace because WORKSPACE_SLUG environment variable is empty
[debug] [2025-12-09T20:39:43.607Z] > command requires scopes: ["email","openid","https://www.googleapis.com/auth/cloudplatformprojects.readonly","https://www.googleapis.com/auth/firebase","https://www.googleapis.com/auth/cloud-platform","https://www.googleapis.com/auth/userinfo.email"]
[debug] [2025-12-09T20:39:43.607Z] > authorizing via signed-in user (gabreil666@gmail.com)
[error] Failed to fetch Firebase Project from Studio Workspace because WORKSPACE_SLUG environment variable is empty
[debug] [2025-12-09T20:39:43.648Z] > command requires scopes: ["email","openid","https://www.googleapis.com/auth/cloudplatformprojects.readonly","https://www.googleapis.com/auth/firebase","https://www.googleapis.com/auth/cloud-platform","https://www.googleapis.com/auth/userinfo.email"]
[debug] [2025-12-09T20:39:43.648Z] > authorizing via signed-in user (gabreil666@gmail.com)
[debug] [2025-12-09T20:39:44.345Z] <<< [apiv2][status] GET https://serviceusage.googleapis.com/v1/projects/nextlevel-work-41273848-98e6b/services/firestore.googleapis.com 401
[debug] [2025-12-09T20:39:44.345Z] <<< [apiv2][body] GET https://serviceusage.googleapis.com/v1/projects/nextlevel-work-41273848-98e6b/services/firestore.googleapis.com [omitted]
[debug] [2025-12-09T20:39:44.345Z] Got a 401 Unauthenticated error for a call that required authentication. Refreshing tokens.
[debug] [2025-12-09T20:39:44.346Z] No OAuth tokens found
[debug] [2025-12-09T20:39:44.361Z] No OAuth tokens found
[debug] [2025-12-09T20:39:44.361Z] > command requires scopes: ["email","openid","https://www.googleapis.com/auth/cloudplatformprojects.readonly","https://www.googleapis.com/auth/firebase","https://www.googleapis.com/auth/cloud-platform","https://www.googleapis.com/auth/userinfo.email"]
[debug] [2025-12-09T20:39:44.362Z] > authorizing via signed-in user (gabreil666@gmail.com)
[debug] [2025-12-09T20:39:44.415Z] <<< [apiv2][status] GET https://serviceusage.googleapis.com/v1/projects/nextlevel-work-41273848-98e6b/services/firebasedataconnect.googleapis.com 401
[debug] [2025-12-09T20:39:44.417Z] <<< [apiv2][body] GET https://serviceusage.googleapis.com/v1/projects/nextlevel-work-41273848-98e6b/services/firebasedataconnect.googleapis.com [omitted]
[debug] [2025-12-09T20:39:44.417Z] Got a 401 Unauthenticated error for a call that required authentication. Refreshing tokens.
[debug] [2025-12-09T20:39:44.424Z] No OAuth tokens found
[debug] [2025-12-09T20:39:44.425Z] No OAuth tokens found
[debug] [2025-12-09T20:39:44.425Z] > command requires scopes: ["email","openid","https://www.googleapis.com/auth/cloudplatformprojects.readonly","https://www.googleapis.com/auth/firebase","https://www.googleapis.com/auth/cloud-platform","https://www.googleapis.com/auth/userinfo.email"]
[debug] [2025-12-09T20:39:44.425Z] > authorizing via signed-in user (gabreil666@gmail.com)
[debug] [2025-12-09T20:39:44.459Z] <<< [apiv2][status] GET https://serviceusage.googleapis.com/v1/projects/nextlevel-work-41273848-98e6b/services/cloudfunctions.googleapis.com 401
[debug] [2025-12-09T20:39:44.460Z] <<< [apiv2][body] GET https://serviceusage.googleapis.com/v1/projects/nextlevel-work-41273848-98e6b/services/cloudfunctions.googleapis.com [omitted]
[debug] [2025-12-09T20:39:44.460Z] Got a 401 Unauthenticated error for a call that required authentication. Refreshing tokens.
[debug] [2025-12-09T20:39:44.461Z] No OAuth tokens found
[debug] [2025-12-09T20:39:44.465Z] No OAuth tokens found
[debug] [2025-12-09T20:39:44.465Z] > command requires scopes: ["email","openid","https://www.googleapis.com/auth/cloudplatformprojects.readonly","https://www.googleapis.com/auth/firebase","https://www.googleapis.com/auth/cloud-platform","https://www.googleapis.com/auth/userinfo.email"]
[debug] [2025-12-09T20:39:44.465Z] > authorizing via signed-in user (gabreil666@gmail.com)
[debug] [2025-12-09T20:39:44.488Z] <<< [apiv2][status] GET https://serviceusage.googleapis.com/v1/projects/nextlevel-work-41273848-98e6b/services/firebaseapphosting.googleapis.com 401
[debug] [2025-12-09T20:39:44.492Z] <<< [apiv2][body] GET https://serviceusage.googleapis.com/v1/projects/nextlevel-work-41273848-98e6b/services/firebaseapphosting.googleapis.com [omitted]
[debug] [2025-12-09T20:39:44.495Z] Got a 401 Unauthenticated error for a call that required authentication. Refreshing tokens.
[debug] [2025-12-09T20:39:44.497Z] No OAuth tokens found
[debug] [2025-12-09T20:39:44.500Z] No OAuth tokens found
[debug] [2025-12-09T20:39:44.504Z] > command requires scopes: ["email","openid","https://www.googleapis.com/auth/cloudplatformprojects.readonly","https://www.googleapis.com/auth/firebase","https://www.googleapis.com/auth/cloud-platform","https://www.googleapis.com/auth/userinfo.email"]
[debug] [2025-12-09T20:39:44.505Z] > authorizing via signed-in user (gabreil666@gmail.com)
[debug] [2025-12-09T20:39:44.536Z] <<< [apiv2][status] GET https://serviceusage.googleapis.com/v1/projects/nextlevel-work-41273848-98e6b/services/firebaseio.com 401
[debug] [2025-12-09T20:39:44.536Z] <<< [apiv2][body] GET https://serviceusage.googleapis.com/v1/projects/nextlevel-work-41273848-98e6b/services/firebaseio.com [omitted]
[debug] [2025-12-09T20:39:44.536Z] Got a 401 Unauthenticated error for a call that required authentication. Refreshing tokens.
[debug] [2025-12-09T20:39:44.545Z] No OAuth tokens found
[debug] [2025-12-09T20:39:44.545Z] No OAuth tokens found
[debug] [2025-12-09T20:39:44.547Z] > command requires scopes: ["email","openid","https://www.googleapis.com/auth/cloudplatformprojects.readonly","https://www.googleapis.com/auth/firebase","https://www.googleapis.com/auth/cloud-platform","https://www.googleapis.com/auth/userinfo.email"]
[debug] [2025-12-09T20:39:44.548Z] > authorizing via signed-in user (gabreil666@gmail.com)
[debug] [2025-12-09T20:39:44.564Z] <<< [apiv2][status] GET https://serviceusage.googleapis.com/v1/projects/nextlevel-work-41273848-98e6b/services/cloudfunctions.googleapis.com 401
[debug] [2025-12-09T20:39:44.565Z] <<< [apiv2][body] GET https://serviceusage.googleapis.com/v1/projects/nextlevel-work-41273848-98e6b/services/cloudfunctions.googleapis.com [omitted]
[debug] [2025-12-09T20:39:44.565Z] Got a 401 Unauthenticated error for a call that required authentication. Refreshing tokens.
[debug] [2025-12-09T20:39:44.566Z] No OAuth tokens found
[debug] [2025-12-09T20:39:44.566Z] No OAuth tokens found
[debug] [2025-12-09T20:39:44.566Z] > command requires scopes: ["email","openid","https://www.googleapis.com/auth/cloudplatformprojects.readonly","https://www.googleapis.com/auth/firebase","https://www.googleapis.com/auth/cloud-platform","https://www.googleapis.com/auth/userinfo.email"]
[debug] [2025-12-09T20:39:44.569Z] > authorizing via signed-in user (gabreil666@gmail.com)
[debug] [2025-12-09T20:39:44.592Z] <<< [apiv2][status] GET https://serviceusage.googleapis.com/v1/projects/nextlevel-work-41273848-98e6b/services/firestore.googleapis.com 401
[debug] [2025-12-09T20:39:44.592Z] <<< [apiv2][body] GET https://serviceusage.googleapis.com/v1/projects/nextlevel-work-41273848-98e6b/services/firestore.googleapis.com [omitted]
[debug] [2025-12-09T20:39:44.593Z] Got a 401 Unauthenticated error for a call that required authentication. Refreshing tokens.
[debug] [2025-12-09T20:39:44.593Z] No OAuth tokens found
[debug] [2025-12-09T20:39:44.593Z] No OAuth tokens found
[debug] [2025-12-09T20:39:44.593Z] > command requires scopes: ["email","openid","https://www.googleapis.com/auth/cloudplatformprojects.readonly","https://www.googleapis.com/auth/firebase","https://www.googleapis.com/auth/cloud-platform","https://www.googleapis.com/auth/userinfo.email"]
[debug] [2025-12-09T20:39:44.593Z] > authorizing via signed-in user (gabreil666@gmail.com)
[debug] [2025-12-09T20:39:44.605Z] <<< [apiv2][status] GET https://serviceusage.googleapis.com/v1/projects/nextlevel-work-41273848-98e6b/services/firestore.googleapis.com 401
[debug] [2025-12-09T20:39:44.605Z] <<< [apiv2][body] GET https://serviceusage.googleapis.com/v1/projects/nextlevel-work-41273848-98e6b/services/firestore.googleapis.com [omitted]
[debug] [2025-12-09T20:39:44.605Z] Got a 401 Unauthenticated error for a call that required authentication. Refreshing tokens.
[debug] [2025-12-09T20:39:44.605Z] No OAuth tokens found
[debug] [2025-12-09T20:39:44.605Z] No OAuth tokens found
[debug] [2025-12-09T20:39:44.605Z] > command requires scopes: ["email","openid","https://www.googleapis.com/auth/cloudplatformprojects.readonly","https://www.googleapis.com/auth/firebase","https://www.googleapis.com/auth/cloud-platform","https://www.googleapis.com/auth/userinfo.email"]
[debug] [2025-12-09T20:39:44.606Z] > authorizing via signed-in user (gabreil666@gmail.com)
[debug] [2025-12-09T20:39:44.616Z] <<< [apiv2][status] GET https://serviceusage.googleapis.com/v1/projects/nextlevel-work-41273848-98e6b/services/firebasedataconnect.googleapis.com 401
[debug] [2025-12-09T20:39:44.621Z] <<< [apiv2][body] GET https://serviceusage.googleapis.com/v1/projects/nextlevel-work-41273848-98e6b/services/firebasedataconnect.googleapis.com [omitted]
[debug] [2025-12-09T20:39:44.624Z] Got a 401 Unauthenticated error for a call that required authentication. Refreshing tokens.
[debug] [2025-12-09T20:39:44.628Z] No OAuth tokens found
[debug] [2025-12-09T20:39:44.629Z] No OAuth tokens found
[debug] [2025-12-09T20:39:44.633Z] > command requires scopes: ["email","openid","https://www.googleapis.com/auth/cloudplatformprojects.readonly","https://www.googleapis.com/auth/firebase","https://www.googleapis.com/auth/cloud-platform","https://www.googleapis.com/auth/userinfo.email"]
[debug] [2025-12-09T20:39:44.633Z] > authorizing via signed-in user (gabreil666@gmail.com)
[debug] [2025-12-09T20:39:44.687Z] <<< [apiv2][status] GET https://serviceusage.googleapis.com/v1/projects/nextlevel-work-41273848-98e6b/services/firebasedataconnect.googleapis.com 401
[debug] [2025-12-09T20:39:44.688Z] <<< [apiv2][body] GET https://serviceusage.googleapis.com/v1/projects/nextlevel-work-41273848-98e6b/services/firebasedataconnect.googleapis.com [omitted]
[debug] [2025-12-09T20:39:44.688Z] Got a 401 Unauthenticated error for a call that required authentication. Refreshing tokens.
[debug] [2025-12-09T20:39:44.688Z] No OAuth tokens found
[debug] [2025-12-09T20:39:44.688Z] No OAuth tokens found
[debug] [2025-12-09T20:39:44.688Z] > command requires scopes: ["email","openid","https://www.googleapis.com/auth/cloudplatformprojects.readonly","https://www.googleapis.com/auth/firebase","https://www.googleapis.com/auth/cloud-platform","https://www.googleapis.com/auth/userinfo.email"]
[debug] [2025-12-09T20:39:44.688Z] > authorizing via signed-in user (gabreil666@gmail.com)
[debug] [2025-12-09T20:39:44.733Z] <<< [apiv2][status] GET https://serviceusage.googleapis.com/v1/projects/nextlevel-work-41273848-98e6b/services/firebaseio.com 401
[debug] [2025-12-09T20:39:44.734Z] <<< [apiv2][body] GET https://serviceusage.googleapis.com/v1/projects/nextlevel-work-41273848-98e6b/services/firebaseio.com [omitted]
[debug] [2025-12-09T20:39:44.734Z] Got a 401 Unauthenticated error for a call that required authentication. Refreshing tokens.
[debug] [2025-12-09T20:39:44.734Z] No OAuth tokens found
[debug] [2025-12-09T20:39:44.734Z] No OAuth tokens found
[debug] [2025-12-09T20:39:44.734Z] > command requires scopes: ["email","openid","https://www.googleapis.com/auth/cloudplatformprojects.readonly","https://www.googleapis.com/auth/firebase","https://www.googleapis.com/auth/cloud-platform","https://www.googleapis.com/auth/userinfo.email"]
[debug] [2025-12-09T20:39:44.735Z] > authorizing via signed-in user (gabreil666@gmail.com)
[debug] [2025-12-09T20:39:44.741Z] <<< [apiv2][status] GET https://serviceusage.googleapis.com/v1/projects/nextlevel-work-41273848-98e6b/services/firebaseapphosting.googleapis.com 401
[debug] [2025-12-09T20:39:44.742Z] <<< [apiv2][body] GET https://serviceusage.googleapis.com/v1/projects/nextlevel-work-41273848-98e6b/services/firebaseapphosting.googleapis.com [omitted]
[debug] [2025-12-09T20:39:44.742Z] Got a 401 Unauthenticated error for a call that required authentication. Refreshing tokens.
[debug] [2025-12-09T20:39:44.742Z] No OAuth tokens found
[debug] [2025-12-09T20:39:44.742Z] No OAuth tokens found
[debug] [2025-12-09T20:39:44.742Z] > command requires scopes: ["email","openid","https://www.googleapis.com/auth/cloudplatformprojects.readonly","https://www.googleapis.com/auth/firebase","https://www.googleapis.com/auth/cloud-platform","https://www.googleapis.com/auth/userinfo.email"]
[debug] [2025-12-09T20:39:44.743Z] > authorizing via signed-in user (gabreil666@gmail.com)
[debug] [2025-12-09T20:39:44.764Z] <<< [apiv2][status] GET https://serviceusage.googleapis.com/v1/projects/nextlevel-work-41273848-98e6b/services/cloudfunctions.googleapis.com 401
[debug] [2025-12-09T20:39:44.766Z] <<< [apiv2][body] GET https://serviceusage.googleapis.com/v1/projects/nextlevel-work-41273848-98e6b/services/cloudfunctions.googleapis.com [omitted]
[debug] [2025-12-09T20:39:44.766Z] Got a 401 Unauthenticated error for a call that required authentication. Refreshing tokens.
[debug] [2025-12-09T20:39:44.766Z] No OAuth tokens found
[debug] [2025-12-09T20:39:44.766Z] No OAuth tokens found
[debug] [2025-12-09T20:39:44.766Z] > command requires scopes: ["email","openid","https://www.googleapis.com/auth/cloudplatformprojects.readonly","https://www.googleapis.com/auth/firebase","https://www.googleapis.com/auth/cloud-platform","https://www.googleapis.com/auth/userinfo.email"]
[debug] [2025-12-09T20:39:44.767Z] > authorizing via signed-in user (gabreil666@gmail.com)
[debug] [2025-12-09T20:39:44.774Z] <<< [apiv2][status] GET https://serviceusage.googleapis.com/v1/projects/nextlevel-work-41273848-98e6b/services/firebaseapphosting.googleapis.com 401
[debug] [2025-12-09T20:39:44.775Z] <<< [apiv2][body] GET https://serviceusage.googleapis.com/v1/projects/nextlevel-work-41273848-98e6b/services/firebaseapphosting.googleapis.com [omitted]
[debug] [2025-12-09T20:39:44.775Z] Got a 401 Unauthenticated error for a call that required authentication. Refreshing tokens.
[debug] [2025-12-09T20:39:44.775Z] No OAuth tokens found
[debug] [2025-12-09T20:39:44.776Z] No OAuth tokens found
[debug] [2025-12-09T20:39:44.776Z] > command requires scopes: ["email","openid","https://www.googleapis.com/auth/cloudplatformprojects.readonly","https://www.googleapis.com/auth/firebase","https://www.googleapis.com/auth/cloud-platform","https://www.googleapis.com/auth/userinfo.email"]
[debug] [2025-12-09T20:39:44.781Z] > authorizing via signed-in user (gabreil666@gmail.com)
[debug] [2025-12-09T20:39:44.793Z] <<< [apiv2][status] GET https://serviceusage.googleapis.com/v1/projects/nextlevel-work-41273848-98e6b/services/firebaseapphosting.googleapis.com 401
[debug] [2025-12-09T20:39:44.793Z] <<< [apiv2][body] GET https://serviceusage.googleapis.com/v1/projects/nextlevel-work-41273848-98e6b/services/firebaseapphosting.googleapis.com [omitted]
[debug] [2025-12-09T20:39:44.793Z] Got a 401 Unauthenticated error for a call that required authentication. Refreshing tokens.
[debug] [2025-12-09T20:39:44.793Z] No OAuth tokens found
[debug] [2025-12-09T20:39:44.794Z] No OAuth tokens found
[debug] [2025-12-09T20:39:44.794Z] > command requires scopes: ["email","openid","https://www.googleapis.com/auth/cloudplatformprojects.readonly","https://www.googleapis.com/auth/firebase","https://www.googleapis.com/auth/cloud-platform","https://www.googleapis.com/auth/userinfo.email"]
[debug] [2025-12-09T20:39:44.794Z] > authorizing via signed-in user (gabreil666@gmail.com)
[debug] [2025-12-09T20:39:44.805Z] <<< [apiv2][status] GET https://serviceusage.googleapis.com/v1/projects/nextlevel-work-41273848-98e6b/services/firebasedataconnect.googleapis.com 401
[debug] [2025-12-09T20:39:44.805Z] <<< [apiv2][body] GET https://serviceusage.googleapis.com/v1/projects/nextlevel-work-41273848-98e6b/services/firebasedataconnect.googleapis.com [omitted]
[debug] [2025-12-09T20:39:44.805Z] Got a 401 Unauthenticated error for a call that required authentication. Refreshing tokens.
[debug] [2025-12-09T20:39:44.806Z] No OAuth tokens found
[debug] [2025-12-09T20:39:44.806Z] No OAuth tokens found
[debug] [2025-12-09T20:39:44.813Z] > command requires scopes: ["email","openid","https://www.googleapis.com/auth/cloudplatformprojects.readonly","https://www.googleapis.com/auth/firebase","https://www.googleapis.com/auth/cloud-platform","https://www.googleapis.com/auth/userinfo.email"]
[debug] [2025-12-09T20:39:44.813Z] > authorizing via signed-in user (gabreil666@gmail.com)
[debug] [2025-12-09T20:39:44.815Z] <<< [apiv2][status] GET https://serviceusage.googleapis.com/v1/projects/nextlevel-work-41273848-98e6b/services/firestore.googleapis.com 401
[debug] [2025-12-09T20:39:44.816Z] <<< [apiv2][body] GET https://serviceusage.googleapis.com/v1/projects/nextlevel-work-41273848-98e6b/services/firestore.googleapis.com [omitted]
[debug] [2025-12-09T20:39:44.816Z] Got a 401 Unauthenticated error for a call that required authentication. Refreshing tokens.
[debug] [2025-12-09T20:39:44.818Z] No OAuth tokens found
[debug] [2025-12-09T20:39:44.818Z] No OAuth tokens found
[debug] [2025-12-09T20:39:44.819Z] > command requires scopes: ["email","openid","https://www.googleapis.com/auth/cloudplatformprojects.readonly","https://www.googleapis.com/auth/firebase","https://www.googleapis.com/auth/cloud-platform","https://www.googleapis.com/auth/userinfo.email"]
[debug] [2025-12-09T20:39:44.819Z] > authorizing via signed-in user (gabreil666@gmail.com)
[debug] [2025-12-09T20:39:44.822Z] <<< [apiv2][status] GET https://serviceusage.googleapis.com/v1/projects/nextlevel-work-41273848-98e6b/services/cloudfunctions.googleapis.com 401
[debug] [2025-12-09T20:39:44.823Z] <<< [apiv2][body] GET https://serviceusage.googleapis.com/v1/projects/nextlevel-work-41273848-98e6b/services/cloudfunctions.googleapis.com [omitted]
[debug] [2025-12-09T20:39:44.823Z] Got a 401 Unauthenticated error for a call that required authentication. Refreshing tokens.
[debug] [2025-12-09T20:39:44.823Z] No OAuth tokens found
[debug] [2025-12-09T20:39:44.825Z] No OAuth tokens found
[debug] [2025-12-09T20:39:44.825Z] > command requires scopes: ["email","openid","https://www.googleapis.com/auth/cloudplatformprojects.readonly","https://www.googleapis.com/auth/firebase","https://www.googleapis.com/auth/cloud-platform","https://www.googleapis.com/auth/userinfo.email"]
[debug] [2025-12-09T20:39:44.825Z] > authorizing via signed-in user (gabreil666@gmail.com)
[debug] [2025-12-09T20:39:44.830Z] <<< [apiv2][status] GET https://serviceusage.googleapis.com/v1/projects/nextlevel-work-41273848-98e6b/services/firebaseio.com 401
[debug] [2025-12-09T20:39:44.830Z] <<< [apiv2][body] GET https://serviceusage.googleapis.com/v1/projects/nextlevel-work-41273848-98e6b/services/firebaseio.com [omitted]
[debug] [2025-12-09T20:39:44.830Z] Got a 401 Unauthenticated error for a call that required authentication. Refreshing tokens.
[debug] [2025-12-09T20:39:44.831Z] No OAuth tokens found
[debug] [2025-12-09T20:39:44.831Z] No OAuth tokens found
[debug] [2025-12-09T20:39:44.833Z] > command requires scopes: ["email","openid","https://www.googleapis.com/auth/cloudplatformprojects.readonly","https://www.googleapis.com/auth/firebase","https://www.googleapis.com/auth/cloud-platform","https://www.googleapis.com/auth/userinfo.email"]
[debug] [2025-12-09T20:39:44.833Z] > authorizing via signed-in user (gabreil666@gmail.com)
[debug] [2025-12-09T20:39:44.846Z] <<< [apiv2][status] GET https://serviceusage.googleapis.com/v1/projects/nextlevel-work-41273848-98e6b/services/firebaseio.com 401
[debug] [2025-12-09T20:39:44.846Z] <<< [apiv2][body] GET https://serviceusage.googleapis.com/v1/projects/nextlevel-work-41273848-98e6b/services/firebaseio.com [omitted]
[debug] [2025-12-09T20:39:44.846Z] Got a 401 Unauthenticated error for a call that required authentication. Refreshing tokens.
[debug] [2025-12-09T20:39:44.847Z] No OAuth tokens found
[debug] [2025-12-09T20:39:44.849Z] No OAuth tokens found
[debug] [2025-12-09T20:39:44.849Z] > command requires scopes: ["email","openid","https://www.googleapis.com/auth/cloudplatformprojects.readonly","https://www.googleapis.com/auth/firebase","https://www.googleapis.com/auth/cloud-platform","https://www.googleapis.com/auth/userinfo.email"]
[debug] [2025-12-09T20:39:44.849Z] > authorizing via signed-in user (gabreil666@gmail.com)
[error] Failed to fetch Firebase Project from Studio Workspace because WORKSPACE_SLUG environment variable is empty
[error] Failed to fetch Firebase Project from Studio Workspace because WORKSPACE_SLUG environment variable is empty
[error] Failed to fetch Firebase Project from Studio Workspace because WORKSPACE_SLUG environment variable is empty
[error] Failed to fetch Firebase Project from Studio Workspace because WORKSPACE_SLUG environment variable is empty
[debug] [2025-12-09T21:35:43.894Z] > command requires scopes: ["email","openid","https://www.googleapis.com/auth/cloudplatformprojects.readonly","https://www.googleapis.com/auth/firebase","https://www.googleapis.com/auth/cloud-platform","https://www.googleapis.com/auth/userinfo.email"]
[debug] [2025-12-09T21:35:43.895Z] > authorizing via signed-in user (gabreil666@gmail.com)
[debug] [2025-12-09T21:35:43.905Z] No OAuth tokens found
[debug] [2025-12-09T21:35:43.906Z] No OAuth tokens found
[debug] [2025-12-09T21:35:43.907Z] > command requires scopes: ["email","openid","https://www.googleapis.com/auth/cloudplatformprojects.readonly","https://www.googleapis.com/auth/firebase","https://www.googleapis.com/auth/cloud-platform","https://www.googleapis.com/auth/userinfo.email"]
[debug] [2025-12-09T21:35:43.907Z] > authorizing via signed-in user (gabreil666@gmail.com)
[debug] [2025-12-09T21:35:43.909Z] No OAuth tokens found
[debug] [2025-12-09T21:35:43.909Z] No OAuth tokens found
[debug] [2025-12-09T21:35:43.910Z] > command requires scopes: ["email","openid","https://www.googleapis.com/auth/cloudplatformprojects.readonly","https://www.googleapis.com/auth/firebase","https://www.googleapis.com/auth/cloud-platform","https://www.googleapis.com/auth/userinfo.email"]
[debug] [2025-12-09T21:35:43.910Z] > authorizing via signed-in user (gabreil666@gmail.com)
[debug] [2025-12-09T21:35:43.911Z] No OAuth tokens found
[debug] [2025-12-09T21:35:43.911Z] No OAuth tokens found
[debug] [2025-12-09T21:35:43.911Z] > command requires scopes: ["email","openid","https://www.googleapis.com/auth/cloudplatformprojects.readonly","https://www.googleapis.com/auth/firebase","https://www.googleapis.com/auth/cloud-platform","https://www.googleapis.com/auth/userinfo.email"]
[debug] [2025-12-09T21:35:43.912Z] > authorizing via signed-in user (gabreil666@gmail.com)
[debug] [2025-12-09T21:35:43.924Z] No OAuth tokens found
[debug] [2025-12-09T21:35:43.924Z] No OAuth tokens found
[debug] [2025-12-09T21:35:43.925Z] > command requires scopes: ["email","openid","https://www.googleapis.com/auth/cloudplatformprojects.readonly","https://www.googleapis.com/auth/firebase","https://www.googleapis.com/auth/cloud-platform","https://www.googleapis.com/auth/userinfo.email"]
[debug] [2025-12-09T21:35:43.925Z] > authorizing via signed-in user (gabreil666@gmail.com)
[debug] [2025-12-09T21:35:43.925Z] No OAuth tokens found
[debug] [2025-12-09T21:35:43.925Z] No OAuth tokens found
[debug] [2025-12-09T21:35:43.926Z] > command requires scopes: ["email","openid","https://www.googleapis.com/auth/cloudplatformprojects.readonly","https://www.googleapis.com/auth/firebase","https://www.googleapis.com/auth/cloud-platform","https://www.googleapis.com/auth/userinfo.email"]
[debug] [2025-12-09T21:35:43.926Z] > authorizing via signed-in user (gabreil666@gmail.com)
[debug] [2025-12-09T21:35:43.926Z] > command requires scopes: ["email","openid","https://www.googleapis.com/auth/cloudplatformprojects.readonly","https://www.googleapis.com/auth/firebase","https://www.googleapis.com/auth/cloud-platform","https://www.googleapis.com/auth/userinfo.email"]
[debug] [2025-12-09T21:35:43.926Z] > authorizing via signed-in user (gabreil666@gmail.com)
[debug] [2025-12-09T21:35:43.928Z] No OAuth tokens found
[debug] [2025-12-09T21:35:43.928Z] No OAuth tokens found
[debug] [2025-12-09T21:35:43.928Z] > command requires scopes: ["email","openid","https://www.googleapis.com/auth/cloudplatformprojects.readonly","https://www.googleapis.com/auth/firebase","https://www.googleapis.com/auth/cloud-platform","https://www.googleapis.com/auth/userinfo.email"]
[debug] [2025-12-09T21:35:43.928Z] > authorizing via signed-in user (gabreil666@gmail.com)
[debug] [2025-12-09T21:35:43.929Z] No OAuth tokens found
[debug] [2025-12-09T21:35:43.929Z] No OAuth tokens found
[debug] [2025-12-09T21:35:43.929Z] > command requires scopes: ["email","openid","https://www.googleapis.com/auth/cloudplatformprojects.readonly","https://www.googleapis.com/auth/firebase","https://www.googleapis.com/auth/cloud-platform","https://www.googleapis.com/auth/userinfo.email"]
[debug] [2025-12-09T21:35:43.930Z] > authorizing via signed-in user (gabreil666@gmail.com)
[debug] [2025-12-09T21:35:43.930Z] No OAuth tokens found
[debug] [2025-12-09T21:35:43.930Z] No OAuth tokens found
[debug] [2025-12-09T21:35:43.931Z] > command requires scopes: ["email","openid","https://www.googleapis.com/auth/cloudplatformprojects.readonly","https://www.googleapis.com/auth/firebase","https://www.googleapis.com/auth/cloud-platform","https://www.googleapis.com/auth/userinfo.email"]
[debug] [2025-12-09T21:35:43.931Z] > authorizing via signed-in user (gabreil666@gmail.com)
[debug] [2025-12-09T21:35:43.935Z] No OAuth tokens found
[debug] [2025-12-09T21:35:43.935Z] No OAuth tokens found
[debug] [2025-12-09T21:35:43.936Z] > command requires scopes: ["email","openid","https://www.googleapis.com/auth/cloudplatformprojects.readonly","https://www.googleapis.com/auth/firebase","https://www.googleapis.com/auth/cloud-platform","https://www.googleapis.com/auth/userinfo.email"]
[debug] [2025-12-09T21:35:43.936Z] > authorizing via signed-in user (gabreil666@gmail.com)
[debug] [2025-12-09T21:35:43.937Z] No OAuth tokens found
[debug] [2025-12-09T21:35:43.937Z] No OAuth tokens found
[debug] [2025-12-09T21:35:43.937Z] > command requires scopes: ["email","openid","https://www.googleapis.com/auth/cloudplatformprojects.readonly","https://www.googleapis.com/auth/firebase","https://www.googleapis.com/auth/cloud-platform","https://www.googleapis.com/auth/userinfo.email"]
[debug] [2025-12-09T21:35:43.937Z] > authorizing via signed-in user (gabreil666@gmail.com)
[debug] [2025-12-09T21:35:43.939Z] >>> [apiv2][query] GET https://serviceusage.googleapis.com/v1/projects/nextlevel-work-41273848-98e6b/services/firestore.googleapis.com [none]
[debug] [2025-12-09T21:35:43.940Z] >>> [apiv2][(partial)header] GET https://serviceusage.googleapis.com/v1/projects/nextlevel-work-41273848-98e6b/services/firestore.googleapis.com x-goog-quota-user=projects/nextlevel-work-41273848-98e6b
[debug] [2025-12-09T21:35:43.998Z] >>> [apiv2][query] GET https://serviceusage.googleapis.com/v1/projects/nextlevel-work-41273848-98e6b/services/firebasedataconnect.googleapis.com [none]
[debug] [2025-12-09T21:35:43.998Z] >>> [apiv2][(partial)header] GET https://serviceusage.googleapis.com/v1/projects/nextlevel-work-41273848-98e6b/services/firebasedataconnect.googleapis.com x-goog-quota-user=projects/nextlevel-work-41273848-98e6b
[debug] [2025-12-09T21:35:44.001Z] >>> [apiv2][query] GET https://serviceusage.googleapis.com/v1/projects/nextlevel-work-41273848-98e6b/services/cloudfunctions.googleapis.com [none]
[debug] [2025-12-09T21:35:44.001Z] >>> [apiv2][(partial)header] GET https://serviceusage.googleapis.com/v1/projects/nextlevel-work-41273848-98e6b/services/cloudfunctions.googleapis.com x-goog-quota-user=projects/nextlevel-work-41273848-98e6b
[debug] [2025-12-09T21:35:44.003Z] >>> [apiv2][query] GET https://serviceusage.googleapis.com/v1/projects/nextlevel-work-41273848-98e6b/services/firebaseapphosting.googleapis.com [none]
[debug] [2025-12-09T21:35:44.003Z] >>> [apiv2][(partial)header] GET https://serviceusage.googleapis.com/v1/projects/nextlevel-work-41273848-98e6b/services/firebaseapphosting.googleapis.com x-goog-quota-user=projects/nextlevel-work-41273848-98e6b
[debug] [2025-12-09T21:35:44.005Z] >>> [apiv2][query] GET https://serviceusage.googleapis.com/v1/projects/nextlevel-work-41273848-98e6b/services/firebaseio.com [none]
[debug] [2025-12-09T21:35:44.005Z] >>> [apiv2][(partial)header] GET https://serviceusage.googleapis.com/v1/projects/nextlevel-work-41273848-98e6b/services/firebaseio.com x-goog-quota-user=projects/nextlevel-work-41273848-98e6b
[debug] [2025-12-09T21:35:44.007Z] >>> [apiv2][query] GET https://serviceusage.googleapis.com/v1/projects/nextlevel-work-41273848-98e6b/services/firestore.googleapis.com [none]
[debug] [2025-12-09T21:35:44.007Z] >>> [apiv2][(partial)header] GET https://serviceusage.googleapis.com/v1/projects/nextlevel-work-41273848-98e6b/services/firestore.googleapis.com x-goog-quota-user=projects/nextlevel-work-41273848-98e6b
[debug] [2025-12-09T21:35:44.009Z] >>> [apiv2][query] GET https://serviceusage.googleapis.com/v1/projects/nextlevel-work-41273848-98e6b/services/firebasedataconnect.googleapis.com [none]
[debug] [2025-12-09T21:35:44.009Z] >>> [apiv2][(partial)header] GET https://serviceusage.googleapis.com/v1/projects/nextlevel-work-41273848-98e6b/services/firebasedataconnect.googleapis.com x-goog-quota-user=projects/nextlevel-work-41273848-98e6b
[debug] [2025-12-09T21:35:44.011Z] >>> [apiv2][query] GET https://serviceusage.googleapis.com/v1/projects/nextlevel-work-41273848-98e6b/services/cloudfunctions.googleapis.com [none]
[debug] [2025-12-09T21:35:44.011Z] >>> [apiv2][(partial)header] GET https://serviceusage.googleapis.com/v1/projects/nextlevel-work-41273848-98e6b/services/cloudfunctions.googleapis.com x-goog-quota-user=projects/nextlevel-work-41273848-98e6b
[debug] [2025-12-09T21:35:44.014Z] >>> [apiv2][query] GET https://serviceusage.googleapis.com/v1/projects/nextlevel-work-41273848-98e6b/services/firebaseapphosting.googleapis.com [none]
[debug] [2025-12-09T21:35:44.014Z] >>> [apiv2][(partial)header] GET https://serviceusage.googleapis.com/v1/projects/nextlevel-work-41273848-98e6b/services/firebaseapphosting.googleapis.com x-goog-quota-user=projects/nextlevel-work-41273848-98e6b
[debug] [2025-12-09T21:35:44.016Z] >>> [apiv2][query] GET https://serviceusage.googleapis.com/v1/projects/nextlevel-work-41273848-98e6b/services/firebaseio.com [none]
[debug] [2025-12-09T21:35:44.016Z] >>> [apiv2][(partial)header] GET https://serviceusage.googleapis.com/v1/projects/nextlevel-work-41273848-98e6b/services/firebaseio.com x-goog-quota-user=projects/nextlevel-work-41273848-98e6b
[debug] [2025-12-09T21:35:44.765Z] <<< [apiv2][status] GET https://serviceusage.googleapis.com/v1/projects/nextlevel-work-41273848-98e6b/services/firebaseio.com 403
[debug] [2025-12-09T21:35:44.766Z] <<< [apiv2][body] GET https://serviceusage.googleapis.com/v1/projects/nextlevel-work-41273848-98e6b/services/firebaseio.com [omitted]
[debug] [2025-12-09T21:35:44.790Z] <<< [apiv2][status] GET https://serviceusage.googleapis.com/v1/projects/nextlevel-work-41273848-98e6b/services/firebaseio.com 403
[debug] [2025-12-09T21:35:44.790Z] <<< [apiv2][body] GET https://serviceusage.googleapis.com/v1/projects/nextlevel-work-41273848-98e6b/services/firebaseio.com [omitted]
[debug] [2025-12-09T21:35:44.895Z] <<< [apiv2][status] GET https://serviceusage.googleapis.com/v1/projects/nextlevel-work-41273848-98e6b/services/firebasedataconnect.googleapis.com 200
[debug] [2025-12-09T21:35:44.895Z] <<< [apiv2][body] GET https://serviceusage.googleapis.com/v1/projects/nextlevel-work-41273848-98e6b/services/firebasedataconnect.googleapis.com [omitted]
[debug] [2025-12-09T21:35:44.904Z] <<< [apiv2][status] GET https://serviceusage.googleapis.com/v1/projects/nextlevel-work-41273848-98e6b/services/firebaseapphosting.googleapis.com 200
[debug] [2025-12-09T21:35:44.905Z] <<< [apiv2][body] GET https://serviceusage.googleapis.com/v1/projects/nextlevel-work-41273848-98e6b/services/firebaseapphosting.googleapis.com [omitted]
[debug] [2025-12-09T21:35:44.910Z] <<< [apiv2][status] GET https://serviceusage.googleapis.com/v1/projects/nextlevel-work-41273848-98e6b/services/cloudfunctions.googleapis.com 200
[debug] [2025-12-09T21:35:44.910Z] <<< [apiv2][body] GET https://serviceusage.googleapis.com/v1/projects/nextlevel-work-41273848-98e6b/services/cloudfunctions.googleapis.com [omitted]
[debug] [2025-12-09T21:35:44.925Z] <<< [apiv2][status] GET https://serviceusage.googleapis.com/v1/projects/nextlevel-work-41273848-98e6b/services/cloudfunctions.googleapis.com 200
[debug] [2025-12-09T21:35:44.929Z] <<< [apiv2][body] GET https://serviceusage.googleapis.com/v1/projects/nextlevel-work-41273848-98e6b/services/cloudfunctions.googleapis.com [omitted]
[debug] [2025-12-09T21:35:44.949Z] <<< [apiv2][status] GET https://serviceusage.googleapis.com/v1/projects/nextlevel-work-41273848-98e6b/services/firebasedataconnect.googleapis.com 200
[debug] [2025-12-09T21:35:44.949Z] <<< [apiv2][body] GET https://serviceusage.googleapis.com/v1/projects/nextlevel-work-41273848-98e6b/services/firebasedataconnect.googleapis.com [omitted]
[debug] [2025-12-09T21:35:44.954Z] <<< [apiv2][status] GET https://serviceusage.googleapis.com/v1/projects/nextlevel-work-41273848-98e6b/services/firestore.googleapis.com 200
[debug] [2025-12-09T21:35:44.954Z] <<< [apiv2][body] GET https://serviceusage.googleapis.com/v1/projects/nextlevel-work-41273848-98e6b/services/firestore.googleapis.com [omitted]
[debug] [2025-12-09T21:35:44.957Z] <<< [apiv2][status] GET https://serviceusage.googleapis.com/v1/projects/nextlevel-work-41273848-98e6b/services/firebaseapphosting.googleapis.com 200
[debug] [2025-12-09T21:35:44.957Z] <<< [apiv2][body] GET https://serviceusage.googleapis.com/v1/projects/nextlevel-work-41273848-98e6b/services/firebaseapphosting.googleapis.com [omitted]
[debug] [2025-12-09T21:35:44.959Z] <<< [apiv2][status] GET https://serviceusage.googleapis.com/v1/projects/nextlevel-work-41273848-98e6b/services/firestore.googleapis.com 200
[debug] [2025-12-09T21:35:44.959Z] <<< [apiv2][body] GET https://serviceusage.googleapis.com/v1/projects/nextlevel-work-41273848-98e6b/services/firestore.googleapis.com [omitted]
[error] Failed to fetch Firebase Project from Studio Workspace because WORKSPACE_SLUG environment variable is empty
[error] Failed to fetch Firebase Project from Studio Workspace because WORKSPACE_SLUG environment variable is empty
[error] Failed to fetch Firebase Project from Studio Workspace because WORKSPACE_SLUG environment variable is empty
[debug] [2025-12-09T21:35:44.971Z] > command requires scopes: ["email","openid","https://www.googleapis.com/auth/cloudplatformprojects.readonly","https://www.googleapis.com/auth/firebase","https://www.googleapis.com/auth/cloud-platform","https://www.googleapis.com/auth/userinfo.email"]
[debug] [2025-12-09T21:35:44.971Z] > authorizing via signed-in user (gabreil666@gmail.com)
[error] Failed to fetch Firebase Project from Studio Workspace because WORKSPACE_SLUG environment variable is empty
[debug] [2025-12-09T21:35:44.978Z] > command requires scopes: ["email","openid","https://www.googleapis.com/auth/cloudplatformprojects.readonly","https://www.googleapis.com/auth/firebase","https://www.googleapis.com/auth/cloud-platform","https://www.googleapis.com/auth/userinfo.email"]
[debug] [2025-12-09T21:35:44.978Z] > authorizing via signed-in user (gabreil666@gmail.com)
[error] Failed to fetch Firebase Project from Studio Workspace because WORKSPACE_SLUG environment variable is empty
[error] Failed to fetch Firebase Project from Studio Workspace because WORKSPACE_SLUG environment variable is empty
[error] Failed to fetch Firebase Project from Studio Workspace because WORKSPACE_SLUG environment variable is empty
[debug] [2025-12-09T21:35:45.011Z] > command requires scopes: ["email","openid","https://www.googleapis.com/auth/cloudplatformprojects.readonly","https://www.googleapis.com/auth/firebase","https://www.googleapis.com/auth/cloud-platform","https://www.googleapis.com/auth/userinfo.email"]
[debug] [2025-12-09T21:35:45.011Z] > authorizing via signed-in user (gabreil666@gmail.com)
[error] Failed to fetch Firebase Project from Studio Workspace because WORKSPACE_SLUG environment variable is empty
[debug] [2025-12-09T21:35:45.014Z] > command requires scopes: ["email","openid","https://www.googleapis.com/auth/cloudplatformprojects.readonly","https://www.googleapis.com/auth/firebase","https://www.googleapis.com/auth/cloud-platform","https://www.googleapis.com/auth/userinfo.email"]
[debug] [2025-12-09T21:35:45.014Z] > authorizing via signed-in user (gabreil666@gmail.com)
[error] Failed to fetch Firebase Project from Studio Workspace because WORKSPACE_SLUG environment variable is empty
[error] Failed to fetch Firebase Project from Studio Workspace because WORKSPACE_SLUG environment variable is empty
[error] Failed to fetch Firebase Project from Studio Workspace because WORKSPACE_SLUG environment variable is empty
[debug] [2025-12-09T21:35:45.020Z] > command requires scopes: ["email","openid","https://www.googleapis.com/auth/cloudplatformprojects.readonly","https://www.googleapis.com/auth/firebase","https://www.googleapis.com/auth/cloud-platform","https://www.googleapis.com/auth/userinfo.email"]
[debug] [2025-12-09T21:35:45.020Z] > authorizing via signed-in user (gabreil666@gmail.com)
[error] Failed to fetch Firebase Project from Studio Workspace because WORKSPACE_SLUG environment variable is empty
[debug] [2025-12-09T21:35:45.022Z] > command requires scopes: ["email","openid","https://www.googleapis.com/auth/cloudplatformprojects.readonly","https://www.googleapis.com/auth/firebase","https://www.googleapis.com/auth/cloud-platform","https://www.googleapis.com/auth/userinfo.email"]
[debug] [2025-12-09T21:35:45.023Z] > authorizing via signed-in user (gabreil666@gmail.com)
[error] Failed to fetch Firebase Project from Studio Workspace because WORKSPACE_SLUG environment variable is empty
[error] Failed to fetch Firebase Project from Studio Workspace because WORKSPACE_SLUG environment variable is empty
[error] Failed to fetch Firebase Project from Studio Workspace because WORKSPACE_SLUG environment variable is empty
[error] Failed to fetch Firebase Project from Studio Workspace because WORKSPACE_SLUG environment variable is empty
[debug] [2025-12-09T21:39:39.140Z] > command requires scopes: ["email","openid","https://www.googleapis.com/auth/cloudplatformprojects.readonly","https://www.googleapis.com/auth/firebase","https://www.googleapis.com/auth/cloud-platform","https://www.googleapis.com/auth/userinfo.email"]
[debug] [2025-12-09T21:39:39.142Z] > authorizing via signed-in user (gabreil666@gmail.com)
[debug] [2025-12-09T21:39:39.160Z] No OAuth tokens found
[debug] [2025-12-09T21:39:39.161Z] No OAuth tokens found
[debug] [2025-12-09T21:39:39.162Z] > command requires scopes: ["email","openid","https://www.googleapis.com/auth/cloudplatformprojects.readonly","https://www.googleapis.com/auth/firebase","https://www.googleapis.com/auth/cloud-platform","https://www.googleapis.com/auth/userinfo.email"]
[debug] [2025-12-09T21:39:39.162Z] > authorizing via signed-in user (gabreil666@gmail.com)
[debug] [2025-12-09T21:39:39.164Z] No OAuth tokens found
[debug] [2025-12-09T21:39:39.164Z] No OAuth tokens found
[debug] [2025-12-09T21:39:39.164Z] > command requires scopes: ["email","openid","https://www.googleapis.com/auth/cloudplatformprojects.readonly","https://www.googleapis.com/auth/firebase","https://www.googleapis.com/auth/cloud-platform","https://www.googleapis.com/auth/userinfo.email"]
[debug] [2025-12-09T21:39:39.164Z] > authorizing via signed-in user (gabreil666@gmail.com)
[debug] [2025-12-09T21:39:39.165Z] No OAuth tokens found
[debug] [2025-12-09T21:39:39.166Z] No OAuth tokens found
[debug] [2025-12-09T21:39:39.166Z] > command requires scopes: ["email","openid","https://www.googleapis.com/auth/cloudplatformprojects.readonly","https://www.googleapis.com/auth/firebase","https://www.googleapis.com/auth/cloud-platform","https://www.googleapis.com/auth/userinfo.email"]
[debug] [2025-12-09T21:39:39.166Z] > authorizing via signed-in user (gabreil666@gmail.com)
[debug] [2025-12-09T21:39:39.179Z] No OAuth tokens found
[debug] [2025-12-09T21:39:39.179Z] No OAuth tokens found
[debug] [2025-12-09T21:39:39.179Z] > command requires scopes: ["email","openid","https://www.googleapis.com/auth/cloudplatformprojects.readonly","https://www.googleapis.com/auth/firebase","https://www.googleapis.com/auth/cloud-platform","https://www.googleapis.com/auth/userinfo.email"]
[debug] [2025-12-09T21:39:39.180Z] > authorizing via signed-in user (gabreil666@gmail.com)
[debug] [2025-12-09T21:39:39.180Z] No OAuth tokens found
[debug] [2025-12-09T21:39:39.180Z] No OAuth tokens found
[debug] [2025-12-09T21:39:39.180Z] > command requires scopes: ["email","openid","https://www.googleapis.com/auth/cloudplatformprojects.readonly","https://www.googleapis.com/auth/firebase","https://www.googleapis.com/auth/cloud-platform","https://www.googleapis.com/auth/userinfo.email"]
[debug] [2025-12-09T21:39:39.181Z] > authorizing via signed-in user (gabreil666@gmail.com)
[debug] [2025-12-09T21:39:39.181Z] > command requires scopes: ["email","openid","https://www.googleapis.com/auth/cloudplatformprojects.readonly","https://www.googleapis.com/auth/firebase","https://www.googleapis.com/auth/cloud-platform","https://www.googleapis.com/auth/userinfo.email"]
[debug] [2025-12-09T21:39:39.181Z] > authorizing via signed-in user (gabreil666@gmail.com)
[debug] [2025-12-09T21:39:39.182Z] No OAuth tokens found
[debug] [2025-12-09T21:39:39.183Z] No OAuth tokens found
[debug] [2025-12-09T21:39:39.183Z] > command requires scopes: ["email","openid","https://www.googleapis.com/auth/cloudplatformprojects.readonly","https://www.googleapis.com/auth/firebase","https://www.googleapis.com/auth/cloud-platform","https://www.googleapis.com/auth/userinfo.email"]
[debug] [2025-12-09T21:39:39.183Z] > authorizing via signed-in user (gabreil666@gmail.com)
[debug] [2025-12-09T21:39:39.184Z] No OAuth tokens found
[debug] [2025-12-09T21:39:39.184Z] No OAuth tokens found
[debug] [2025-12-09T21:39:39.184Z] > command requires scopes: ["email","openid","https://www.googleapis.com/auth/cloudplatformprojects.readonly","https://www.googleapis.com/auth/firebase","https://www.googleapis.com/auth/cloud-platform","https://www.googleapis.com/auth/userinfo.email"]
[debug] [2025-12-09T21:39:39.185Z] > authorizing via signed-in user (gabreil666@gmail.com)
[debug] [2025-12-09T21:39:39.185Z] No OAuth tokens found
[debug] [2025-12-09T21:39:39.185Z] No OAuth tokens found
[debug] [2025-12-09T21:39:39.185Z] > command requires scopes: ["email","openid","https://www.googleapis.com/auth/cloudplatformprojects.readonly","https://www.googleapis.com/auth/firebase","https://www.googleapis.com/auth/cloud-platform","https://www.googleapis.com/auth/userinfo.email"]
[debug] [2025-12-09T21:39:39.186Z] > authorizing via signed-in user (gabreil666@gmail.com)
[debug] [2025-12-09T21:39:39.191Z] No OAuth tokens found
[debug] [2025-12-09T21:39:39.191Z] No OAuth tokens found
[debug] [2025-12-09T21:39:39.191Z] > command requires scopes: ["email","openid","https://www.googleapis.com/auth/cloudplatformprojects.readonly","https://www.googleapis.com/auth/firebase","https://www.googleapis.com/auth/cloud-platform","https://www.googleapis.com/auth/userinfo.email"]
[debug] [2025-12-09T21:39:39.191Z] > authorizing via signed-in user (gabreil666@gmail.com)
[debug] [2025-12-09T21:39:39.192Z] No OAuth tokens found
[debug] [2025-12-09T21:39:39.192Z] No OAuth tokens found
[debug] [2025-12-09T21:39:39.192Z] > command requires scopes: ["email","openid","https://www.googleapis.com/auth/cloudplatformprojects.readonly","https://www.googleapis.com/auth/firebase","https://www.googleapis.com/auth/cloud-platform","https://www.googleapis.com/auth/userinfo.email"]
[debug] [2025-12-09T21:39:39.192Z] > authorizing via signed-in user (gabreil666@gmail.com)
[debug] [2025-12-09T21:39:39.195Z] >>> [apiv2][query] GET https://serviceusage.googleapis.com/v1/projects/nextlevel-work-41273848-98e6b/services/firestore.googleapis.com [none]
[debug] [2025-12-09T21:39:39.195Z] >>> [apiv2][(partial)header] GET https://serviceusage.googleapis.com/v1/projects/nextlevel-work-41273848-98e6b/services/firestore.googleapis.com x-goog-quota-user=projects/nextlevel-work-41273848-98e6b
[debug] [2025-12-09T21:39:39.282Z] >>> [apiv2][query] GET https://serviceusage.googleapis.com/v1/projects/nextlevel-work-41273848-98e6b/services/firebasedataconnect.googleapis.com [none]
[debug] [2025-12-09T21:39:39.282Z] >>> [apiv2][(partial)header] GET https://serviceusage.googleapis.com/v1/projects/nextlevel-work-41273848-98e6b/services/firebasedataconnect.googleapis.com x-goog-quota-user=projects/nextlevel-work-41273848-98e6b
[debug] [2025-12-09T21:39:39.285Z] >>> [apiv2][query] GET https://serviceusage.googleapis.com/v1/projects/nextlevel-work-41273848-98e6b/services/cloudfunctions.googleapis.com [none]
[debug] [2025-12-09T21:39:39.285Z] >>> [apiv2][(partial)header] GET https://serviceusage.googleapis.com/v1/projects/nextlevel-work-41273848-98e6b/services/cloudfunctions.googleapis.com x-goog-quota-user=projects/nextlevel-work-41273848-98e6b
[debug] [2025-12-09T21:39:39.288Z] >>> [apiv2][query] GET https://serviceusage.googleapis.com/v1/projects/nextlevel-work-41273848-98e6b/services/firebaseapphosting.googleapis.com [none]
[debug] [2025-12-09T21:39:39.288Z] >>> [apiv2][(partial)header] GET https://serviceusage.googleapis.com/v1/projects/nextlevel-work-41273848-98e6b/services/firebaseapphosting.googleapis.com x-goog-quota-user=projects/nextlevel-work-41273848-98e6b
[debug] [2025-12-09T21:39:39.289Z] >>> [apiv2][query] GET https://serviceusage.googleapis.com/v1/projects/nextlevel-work-41273848-98e6b/services/firebaseio.com [none]
[debug] [2025-12-09T21:39:39.290Z] >>> [apiv2][(partial)header] GET https://serviceusage.googleapis.com/v1/projects/nextlevel-work-41273848-98e6b/services/firebaseio.com x-goog-quota-user=projects/nextlevel-work-41273848-98e6b
[debug] [2025-12-09T21:39:39.291Z] >>> [apiv2][query] GET https://serviceusage.googleapis.com/v1/projects/nextlevel-work-41273848-98e6b/services/firestore.googleapis.com [none]
[debug] [2025-12-09T21:39:39.291Z] >>> [apiv2][(partial)header] GET https://serviceusage.googleapis.com/v1/projects/nextlevel-work-41273848-98e6b/services/firestore.googleapis.com x-goog-quota-user=projects/nextlevel-work-41273848-98e6b
[debug] [2025-12-09T21:39:39.293Z] >>> [apiv2][query] GET https://serviceusage.googleapis.com/v1/projects/nextlevel-work-41273848-98e6b/services/firebasedataconnect.googleapis.com [none]
[debug] [2025-12-09T21:39:39.293Z] >>> [apiv2][(partial)header] GET https://serviceusage.googleapis.com/v1/projects/nextlevel-work-41273848-98e6b/services/firebasedataconnect.googleapis.com x-goog-quota-user=projects/nextlevel-work-41273848-98e6b
[debug] [2025-12-09T21:39:39.295Z] >>> [apiv2][query] GET https://serviceusage.googleapis.com/v1/projects/nextlevel-work-41273848-98e6b/services/cloudfunctions.googleapis.com [none]
[debug] [2025-12-09T21:39:39.295Z] >>> [apiv2][(partial)header] GET https://serviceusage.googleapis.com/v1/projects/nextlevel-work-41273848-98e6b/services/cloudfunctions.googleapis.com x-goog-quota-user=projects/nextlevel-work-41273848-98e6b
[debug] [2025-12-09T21:39:39.296Z] >>> [apiv2][query] GET https://serviceusage.googleapis.com/v1/projects/nextlevel-work-41273848-98e6b/services/firebaseapphosting.googleapis.com [none]
[debug] [2025-12-09T21:39:39.296Z] >>> [apiv2][(partial)header] GET https://serviceusage.googleapis.com/v1/projects/nextlevel-work-41273848-98e6b/services/firebaseapphosting.googleapis.com x-goog-quota-user=projects/nextlevel-work-41273848-98e6b
[debug] [2025-12-09T21:39:39.298Z] >>> [apiv2][query] GET https://serviceusage.googleapis.com/v1/projects/nextlevel-work-41273848-98e6b/services/firebaseio.com [none]
[debug] [2025-12-09T21:39:39.298Z] >>> [apiv2][(partial)header] GET https://serviceusage.googleapis.com/v1/projects/nextlevel-work-41273848-98e6b/services/firebaseio.com x-goog-quota-user=projects/nextlevel-work-41273848-98e6b
[debug] [2025-12-09T21:39:40.060Z] <<< [apiv2][status] GET https://serviceusage.googleapis.com/v1/projects/nextlevel-work-41273848-98e6b/services/firebaseio.com 403
[debug] [2025-12-09T21:39:40.060Z] <<< [apiv2][body] GET https://serviceusage.googleapis.com/v1/projects/nextlevel-work-41273848-98e6b/services/firebaseio.com [omitted]
[debug] [2025-12-09T21:39:40.067Z] <<< [apiv2][status] GET https://serviceusage.googleapis.com/v1/projects/nextlevel-work-41273848-98e6b/services/firebaseio.com 403
[debug] [2025-12-09T21:39:40.067Z] <<< [apiv2][body] GET https://serviceusage.googleapis.com/v1/projects/nextlevel-work-41273848-98e6b/services/firebaseio.com [omitted]
[debug] [2025-12-09T21:39:40.179Z] <<< [apiv2][status] GET https://serviceusage.googleapis.com/v1/projects/nextlevel-work-41273848-98e6b/services/cloudfunctions.googleapis.com 200
[debug] [2025-12-09T21:39:40.182Z] <<< [apiv2][body] GET https://serviceusage.googleapis.com/v1/projects/nextlevel-work-41273848-98e6b/services/cloudfunctions.googleapis.com [omitted]
[debug] [2025-12-09T21:39:40.183Z] <<< [apiv2][status] GET https://serviceusage.googleapis.com/v1/projects/nextlevel-work-41273848-98e6b/services/firebaseapphosting.googleapis.com 200
[debug] [2025-12-09T21:39:40.183Z] <<< [apiv2][body] GET https://serviceusage.googleapis.com/v1/projects/nextlevel-work-41273848-98e6b/services/firebaseapphosting.googleapis.com [omitted]
[debug] [2025-12-09T21:39:40.194Z] <<< [apiv2][status] GET https://serviceusage.googleapis.com/v1/projects/nextlevel-work-41273848-98e6b/services/firebasedataconnect.googleapis.com 200
[debug] [2025-12-09T21:39:40.194Z] <<< [apiv2][body] GET https://serviceusage.googleapis.com/v1/projects/nextlevel-work-41273848-98e6b/services/firebasedataconnect.googleapis.com [omitted]
[debug] [2025-12-09T21:39:40.197Z] <<< [apiv2][status] GET https://serviceusage.googleapis.com/v1/projects/nextlevel-work-41273848-98e6b/services/cloudfunctions.googleapis.com 200
[debug] [2025-12-09T21:39:40.198Z] <<< [apiv2][body] GET https://serviceusage.googleapis.com/v1/projects/nextlevel-work-41273848-98e6b/services/cloudfunctions.googleapis.com [omitted]
[debug] [2025-12-09T21:39:40.214Z] <<< [apiv2][status] GET https://serviceusage.googleapis.com/v1/projects/nextlevel-work-41273848-98e6b/services/firestore.googleapis.com 200
[debug] [2025-12-09T21:39:40.217Z] <<< [apiv2][body] GET https://serviceusage.googleapis.com/v1/projects/nextlevel-work-41273848-98e6b/services/firestore.googleapis.com [omitted]
[error] Failed to fetch Firebase Project from Studio Workspace because WORKSPACE_SLUG environment variable is empty
[error] Failed to fetch Firebase Project from Studio Workspace because WORKSPACE_SLUG environment variable is empty
[error] Failed to fetch Firebase Project from Studio Workspace because WORKSPACE_SLUG environment variable is empty
[debug] [2025-12-09T21:39:40.228Z] > command requires scopes: ["email","openid","https://www.googleapis.com/auth/cloudplatformprojects.readonly","https://www.googleapis.com/auth/firebase","https://www.googleapis.com/auth/cloud-platform","https://www.googleapis.com/auth/userinfo.email"]
[debug] [2025-12-09T21:39:40.259Z] <<< [apiv2][status] GET https://serviceusage.googleapis.com/v1/projects/nextlevel-work-41273848-98e6b/services/firebaseapphosting.googleapis.com 200
[debug] [2025-12-09T21:39:40.259Z] <<< [apiv2][body] GET https://serviceusage.googleapis.com/v1/projects/nextlevel-work-41273848-98e6b/services/firebaseapphosting.googleapis.com [omitted]
[debug] [2025-12-09T21:39:40.269Z] <<< [apiv2][status] GET https://serviceusage.googleapis.com/v1/projects/nextlevel-work-41273848-98e6b/services/firestore.googleapis.com 200
[debug] [2025-12-09T21:39:40.269Z] <<< [apiv2][body] GET https://serviceusage.googleapis.com/v1/projects/nextlevel-work-41273848-98e6b/services/firestore.googleapis.com [omitted]
[debug] [2025-12-09T21:39:40.276Z] <<< [apiv2][status] GET https://serviceusage.googleapis.com/v1/projects/nextlevel-work-41273848-98e6b/services/firebasedataconnect.googleapis.com 200
[debug] [2025-12-09T21:39:40.276Z] <<< [apiv2][body] GET https://serviceusage.googleapis.com/v1/projects/nextlevel-work-41273848-98e6b/services/firebasedataconnect.googleapis.com [omitted]
[debug] [2025-12-09T21:39:40.309Z] Running auto auth
[error] Failed to fetch Firebase Project from Studio Workspace because WORKSPACE_SLUG environment variable is empty
[debug] [2025-12-09T21:39:40.346Z] > command requires scopes: ["email","openid","https://www.googleapis.com/auth/cloudplatformprojects.readonly","https://www.googleapis.com/auth/firebase","https://www.googleapis.com/auth/cloud-platform","https://www.googleapis.com/auth/userinfo.email"]
[debug] [2025-12-09T21:39:40.347Z] > authorizing via signed-in user (gabreil666@gmail.com)
[error] Failed to fetch Firebase Project from Studio Workspace because WORKSPACE_SLUG environment variable is empty
[error] Failed to fetch Firebase Project from Studio Workspace because WORKSPACE_SLUG environment variable is empty
[error] Failed to fetch Firebase Project from Studio Workspace because WORKSPACE_SLUG environment variable is empty
[debug] [2025-12-09T21:39:40.376Z] > command requires scopes: ["email","openid","https://www.googleapis.com/auth/cloudplatformprojects.readonly","https://www.googleapis.com/auth/firebase","https://www.googleapis.com/auth/cloud-platform","https://www.googleapis.com/auth/userinfo.email"]
[debug] [2025-12-09T21:39:40.376Z] > authorizing via signed-in user (gabreil666@gmail.com)
[error] Failed to fetch Firebase Project from Studio Workspace because WORKSPACE_SLUG environment variable is empty
[debug] [2025-12-09T21:39:40.378Z] > command requires scopes: ["email","openid","https://www.googleapis.com/auth/cloudplatformprojects.readonly","https://www.googleapis.com/auth/firebase","https://www.googleapis.com/auth/cloud-platform","https://www.googleapis.com/auth/userinfo.email"]
[debug] [2025-12-09T21:39:40.378Z] > authorizing via signed-in user (gabreil666@gmail.com)
[error] Failed to fetch Firebase Project from Studio Workspace because WORKSPACE_SLUG environment variable is empty
[error] Failed to fetch Firebase Project from Studio Workspace because WORKSPACE_SLUG environment variable is empty
[error] Failed to fetch Firebase Project from Studio Workspace because WORKSPACE_SLUG environment variable is empty
[debug] [2025-12-09T21:39:40.383Z] > command requires scopes: ["email","openid","https://www.googleapis.com/auth/cloudplatformprojects.readonly","https://www.googleapis.com/auth/firebase","https://www.googleapis.com/auth/cloud-platform","https://www.googleapis.com/auth/userinfo.email"]
[debug] [2025-12-09T21:39:40.383Z] > authorizing via signed-in user (gabreil666@gmail.com)
[error] Failed to fetch Firebase Project from Studio Workspace because WORKSPACE_SLUG environment variable is empty
[debug] [2025-12-09T21:39:40.386Z] > command requires scopes: ["email","openid","https://www.googleapis.com/auth/cloudplatformprojects.readonly","https://www.googleapis.com/auth/firebase","https://www.googleapis.com/auth/cloud-platform","https://www.googleapis.com/auth/userinfo.email"]
[debug] [2025-12-09T21:39:40.386Z] > authorizing via signed-in user (gabreil666@gmail.com)
